<?xml version="1.0" encoding="UTF-8"?>
<!-- Generated by org.testng.reporters.JUnitXMLReporter -->
<testsuite ignored="0" hostname="Dibyansh_Verma" failures="0" tests="3" name="Default test" time="0.679" errors="0" timestamp="2024-06-03T11:33:54 IST">
  <testcase classname="DataDriven.ExcelDataProvider.dataProvider" name="testCaseData" time="0.018"/>
  <testcase classname="DataDriven.ExcelDataProvider.dataProvider" name="testCaseData" time="0.001"/>
  <testcase classname="DataDriven.ExcelDataProvider.dataProvider" name="testCaseData" time="0.002"/>
</testsuite> <!-- Default test -->
