<?xml version="1.0" encoding="UTF-8"?>
<!-- Generated by org.testng.reporters.JUnitXMLReporter -->
<testsuite ignored="0" hostname="Dibyansh_Verma" failures="0" tests="3" name="Test" time="0.672" errors="0" timestamp="2024-06-03T11:34:45 IST">
  <testcase classname="DataDriven.ExcelDataProvider.dataProvider" name="testCaseData" time="0.016"/>
  <testcase classname="DataDriven.ExcelDataProvider.dataProvider" name="testCaseData" time="0.002"/>
  <testcase classname="DataDriven.ExcelDataProvider.dataProvider" name="testCaseData" time="0.001"/>
</testsuite> <!-- Test -->
