<?xml version="1.0" encoding="UTF-8"?>
<testng-results ignored="0" total="3" passed="3" failed="0" skipped="0">
  <reporter-output>
  </reporter-output>
  <suite started-at="2024-06-03T11:40:50 IST" name="Suite" finished-at="2024-06-03T11:40:50 IST" duration-ms="512">
    <groups>
      <group name="Sanity">
        <method signature="dataProvider.testCaseData(java.lang.String,java.lang.String,java.lang.String)[pri:0, instance:DataDriven.ExcelDataProvider.dataProvider@34c01041]" name="testCaseData" class="DataDriven.ExcelDataProvider.dataProvider"/>
      </group> <!-- Sanity -->
    </groups>
    <test started-at="2024-06-03T11:40:50 IST" name="Test" finished-at="2024-06-03T11:40:50 IST" duration-ms="512">
      <class name="DataDriven.ExcelDataProvider.dataProvider">
        <test-method signature="testCaseData(java.lang.String,java.lang.String,java.lang.String)[pri:0, instance:DataDriven.ExcelDataProvider.dataProvider@34c01041]" started-at="2024-06-03T11:40:50 IST" name="testCaseData" data-provider="driveTest" finished-at="2024-06-03T11:40:50 IST" duration-ms="4" status="PASS">
          <params>
            <param index="0">
              <value>
                <![CDATA[hello]]>
              </value>
            </param>
            <param index="1">
              <value>
                <![CDATA[text]]>
              </value>
            </param>
            <param index="2">
              <value>
                <![CDATA[1]]>
              </value>
            </param>
          </params>
          <reporter-output>
          </reporter-output>
        </test-method> <!-- testCaseData -->
        <test-method signature="testCaseData(java.lang.String,java.lang.String,java.lang.String)[pri:0, instance:DataDriven.ExcelDataProvider.dataProvider@34c01041]" started-at="2024-06-03T11:40:50 IST" name="testCaseData" data-provider="driveTest" finished-at="2024-06-03T11:40:50 IST" duration-ms="1" status="PASS">
          <params>
            <param index="0">
              <value>
                <![CDATA[bye]]>
              </value>
            </param>
            <param index="1">
              <value>
                <![CDATA[message ]]>
              </value>
            </param>
            <param index="2">
              <value>
                <![CDATA[143]]>
              </value>
            </param>
          </params>
          <reporter-output>
          </reporter-output>
        </test-method> <!-- testCaseData -->
        <test-method signature="testCaseData(java.lang.String,java.lang.String,java.lang.String)[pri:0, instance:DataDriven.ExcelDataProvider.dataProvider@34c01041]" started-at="2024-06-03T11:40:50 IST" name="testCaseData" data-provider="driveTest" finished-at="2024-06-03T11:40:50 IST" duration-ms="1" status="PASS">
          <params>
            <param index="0">
              <value>
                <![CDATA[solo ]]>
              </value>
            </param>
            <param index="1">
              <value>
                <![CDATA[call]]>
              </value>
            </param>
            <param index="2">
              <value>
                <![CDATA[453]]>
              </value>
            </param>
          </params>
          <reporter-output>
          </reporter-output>
        </test-method> <!-- testCaseData -->
      </class> <!-- DataDriven.ExcelDataProvider.dataProvider -->
    </test> <!-- Test -->
  </suite> <!-- Suite -->
</testng-results>
