<?xml version="1.0" encoding="UTF-8"?>
<testsuite xmlns:xsi="http://www.w3.org/2001/XMLSchema-instance" xsi:noNamespaceSchemaLocation="https://maven.apache.org/surefire/maven-surefire-plugin/xsd/surefire-test-report-3.0.xsd" version="3.0" name="TestSuite" time="1.306" tests="3" errors="0" skipped="0" failures="0">
  <properties>
[...]
</properties>
  <testcase name="testCaseData[hello, text, 1](1)" classname="DataDriven.ExcelDataProvider.dataProvider" time="0.006">
    <system-out><![CDATA[hello||text||1
]]></system-out>
    <system-err><![CDATA[SLF4J: Failed to load class "org.slf4j.impl.StaticLoggerBinder".
SLF4J: Defaulting to no-operation (NOP) logger implementation
SLF4J: See http://www.slf4j.org/codes.html#StaticLoggerBinder for further details.
]]></system-err>
  </testcase>
  <testcase name="testCaseData[bye, message , 143](2)" classname="DataDriven.ExcelDataProvider.dataProvider" time="0.011">
    <system-out><![CDATA[bye||message ||143
]]></system-out>
  </testcase>
  <testcase name="testCaseData[solo , call, 453](3)" classname="DataDriven.ExcelDataProvider.dataProvider" time="0.006">
    <system-out><![CDATA[solo ||call||453
]]></system-out>
  </testcase>
</testsuite>